TN:
SF:src\controllers\authController.js
FN:52,(anonymous_0)
FN:160,(anonymous_1)
FN:214,(anonymous_2)
FNF:3
FNH:0
FNDA:0,(anonymous_0)
FNDA:0,(anonymous_1)
FNDA:0,(anonymous_2)
DA:1,0
DA:2,0
DA:3,0
DA:52,0
DA:53,0
DA:54,0
DA:57,0
DA:58,0
DA:67,0
DA:68,0
DA:70,0
DA:73,0
DA:74,0
DA:81,0
DA:82,0
DA:89,0
DA:91,0
DA:92,0
DA:99,0
DA:102,0
DA:105,0
DA:116,0
DA:118,0
DA:130,0
DA:139,0
DA:141,0
DA:142,0
DA:160,0
DA:161,0
DA:162,0
DA:164,0
DA:165,0
DA:171,0
DA:173,0
DA:181,0
DA:182,0
DA:214,0
DA:215,0
DA:216,0
DA:218,0
DA:219,0
DA:225,0
DA:226,0
DA:233,0
DA:236,0
DA:238,0
DA:239,0
DA:246,0
DA:248,0
DA:253,0
DA:254,0
DA:262,0
LF:52
LH:0
BRDA:57,0,0,0
BRDA:57,0,1,0
BRDA:57,1,0,0
BRDA:57,1,1,0
BRDA:67,2,0,0
BRDA:67,2,1,0
BRDA:73,3,0,0
BRDA:73,3,1,0
BRDA:81,4,0,0
BRDA:81,4,1,0
BRDA:91,5,0,0
BRDA:91,5,1,0
BRDA:112,6,0,0
BRDA:112,6,1,0
BRDA:134,7,0,0
BRDA:134,7,1,0
BRDA:164,8,0,0
BRDA:164,8,1,0
BRDA:218,9,0,0
BRDA:218,9,1,0
BRDA:218,10,0,0
BRDA:218,10,1,0
BRDA:225,11,0,0
BRDA:225,11,1,0
BRDA:238,12,0,0
BRDA:238,12,1,0
BRF:26
BRH:0
end_of_record
TN:
SF:src\controllers\categoryController.js
FN:13,(anonymous_0)
FN:54,(anonymous_1)
FNF:2
FNH:0
FNDA:0,(anonymous_0)
FNDA:0,(anonymous_1)
DA:1,0
DA:13,0
DA:14,0
DA:15,0
DA:17,0
DA:22,0
DA:23,0
DA:54,0
DA:55,0
DA:56,0
DA:58,0
DA:59,0
DA:65,0
DA:67,0
DA:73,0
DA:74,0
DA:82,0
LF:17
LH:0
BRDA:58,0,0,0
BRDA:58,0,1,0
BRF:2
BRH:0
end_of_record
TN:
SF:src\controllers\departmentController.js
FN:18,(anonymous_0)
FN:53,(anonymous_1)
FN:108,(anonymous_2)
FN:181,(anonymous_3)
FN:225,(anonymous_4)
FN:269,(anonymous_5)
FNF:6
FNH:0
FNDA:0,(anonymous_0)
FNDA:0,(anonymous_1)
FNDA:0,(anonymous_2)
FNDA:0,(anonymous_3)
FNDA:0,(anonymous_4)
FNDA:0,(anonymous_5)
DA:1,0
DA:18,0
DA:19,0
DA:20,0
DA:21,0
DA:23,0
DA:28,0
DA:29,0
DA:53,0
DA:54,0
DA:55,0
DA:57,0
DA:58,0
DA:64,0
DA:69,0
DA:70,0
DA:108,0
DA:109,0
DA:110,0
DA:112,0
DA:113,0
DA:120,0
DA:121,0
DA:122,0
DA:128,0
DA:135,0
DA:141,0
DA:142,0
DA:181,0
DA:182,0
DA:183,0
DA:185,0
DA:186,0
DA:187,0
DA:193,0
DA:195,0
DA:200,0
DA:201,0
DA:225,0
DA:226,0
DA:227,0
DA:229,0
DA:230,0
DA:231,0
DA:237,0
DA:239,0
DA:244,0
DA:245,0
DA:269,0
DA:270,0
DA:271,0
DA:273,0
DA:278,0
DA:279,0
DA:287,0
LF:55
LH:0
BRDA:57,0,0,0
BRDA:57,0,1,0
BRDA:112,1,0,0
BRDA:112,1,1,0
BRDA:112,2,0,0
BRDA:112,2,1,0
BRDA:112,2,2,0
BRDA:121,3,0,0
BRDA:121,3,1,0
BRDA:186,4,0,0
BRDA:186,4,1,0
BRDA:230,5,0,0
BRDA:230,5,1,0
BRF:13
BRH:0
end_of_record
TN:
SF:src\controllers\documentController.js
FN:43,(anonymous_0)
FN:56,(anonymous_1)
FN:57,(anonymous_2)
FN:76,(anonymous_3)
FN:115,(anonymous_4)
FN:168,(anonymous_5)
FN:253,(anonymous_6)
FN:267,(anonymous_7)
FN:268,(anonymous_8)
FN:352,(anonymous_9)
FN:373,(anonymous_10)
FN:374,(anonymous_11)
FN:378,(anonymous_12)
FN:422,(anonymous_13)
FN:466,(anonymous_14)
FN:480,(anonymous_15)
FN:481,(anonymous_16)
FN:534,(anonymous_17)
FN:568,(anonymous_18)
FN:608,(anonymous_19)
FN:628,(anonymous_20)
FN:630,(anonymous_21)
FNF:22
FNH:0
FNDA:0,(anonymous_0)
FNDA:0,(anonymous_1)
FNDA:0,(anonymous_2)
FNDA:0,(anonymous_3)
FNDA:0,(anonymous_4)
FNDA:0,(anonymous_5)
FNDA:0,(anonymous_6)
FNDA:0,(anonymous_7)
FNDA:0,(anonymous_8)
FNDA:0,(anonymous_9)
FNDA:0,(anonymous_10)
FNDA:0,(anonymous_11)
FNDA:0,(anonymous_12)
FNDA:0,(anonymous_13)
FNDA:0,(anonymous_14)
FNDA:0,(anonymous_15)
FNDA:0,(anonymous_16)
FNDA:0,(anonymous_17)
FNDA:0,(anonymous_18)
FNDA:0,(anonymous_19)
FNDA:0,(anonymous_20)
FNDA:0,(anonymous_21)
DA:1,0
DA:2,0
DA:3,0
DA:4,0
DA:5,0
DA:43,0
DA:44,0
DA:45,0
DA:55,0
DA:56,0
DA:57,0
DA:58,0
DA:63,0
DA:64,0
DA:65,0
DA:73,0
DA:76,0
DA:78,0
DA:81,0
DA:85,0
DA:90,0
DA:91,0
DA:115,0
DA:116,0
DA:117,0
DA:119,0
DA:120,0
DA:126,0
DA:131,0
DA:132,0
DA:168,0
DA:169,0
DA:170,0
DA:171,0
DA:177,0
DA:179,0
DA:180,0
DA:187,0
DA:190,0
DA:197,0
DA:209,0
DA:215,0
DA:216,0
DA:253,0
DA:254,0
DA:255,0
DA:256,0
DA:258,0
DA:259,0
DA:266,0
DA:267,0
DA:268,0
DA:269,0
DA:272,0
DA:275,0
DA:276,0
DA:277,0
DA:283,0
DA:284,0
DA:291,0
DA:297,0
DA:299,0
DA:300,0
DA:301,0
DA:303,0
DA:307,0
DA:308,0
DA:314,0
DA:315,0
DA:316,0
DA:317,0
DA:320,0
DA:322,0
DA:327,0
DA:328,0
DA:352,0
DA:353,0
DA:354,0
DA:355,0
DA:357,0
DA:358,0
DA:364,0
DA:365,0
DA:372,0
DA:373,0
DA:374,0
DA:375,0
DA:378,0
DA:379,0
DA:383,0
DA:384,0
DA:390,0
DA:392,0
DA:397,0
DA:398,0
DA:422,0
DA:423,0
DA:424,0
DA:425,0
DA:427,0
DA:428,0
DA:434,0
DA:436,0
DA:441,0
DA:442,0
DA:466,0
DA:467,0
DA:468,0
DA:469,0
DA:471,0
DA:472,0
DA:479,0
DA:480,0
DA:481,0
DA:482,0
DA:487,0
DA:488,0
DA:489,0
DA:496,0
DA:497,0
DA:498,0
DA:499,0
DA:505,0
DA:510,0
DA:511,0
DA:534,0
DA:535,0
DA:536,0
DA:537,0
DA:539,0
DA:544,0
DA:545,0
DA:568,0
DA:569,0
DA:570,0
DA:576,0
DA:578,0
DA:583,0
DA:584,0
DA:608,0
DA:609,0
DA:610,0
DA:611,0
DA:613,0
DA:614,0
DA:622,0
DA:624,0
DA:625,0
DA:628,0
DA:629,0
DA:631,0
DA:632,0
DA:633,0
DA:641,0
DA:642,0
DA:649,0
DA:650,0
DA:658,0
LF:158
LH:0
BRDA:55,0,0,0
BRDA:55,0,1,0
BRDA:58,1,0,0
BRDA:58,1,1,0
BRDA:58,1,2,0
BRDA:63,2,0,0
BRDA:63,2,1,0
BRDA:63,3,0,0
BRDA:63,3,1,0
BRDA:78,4,0,0
BRDA:78,4,1,0
BRDA:81,5,0,0
BRDA:81,5,1,0
BRDA:119,6,0,0
BRDA:119,6,1,0
BRDA:170,7,0,0
BRDA:170,7,1,0
BRDA:179,8,0,0
BRDA:179,8,1,0
BRDA:179,9,0,0
BRDA:179,9,1,0
BRDA:258,10,0,0
BRDA:258,10,1,0
BRDA:266,11,0,0
BRDA:266,11,1,0
BRDA:269,12,0,0
BRDA:269,12,1,0
BRDA:269,12,2,0
BRDA:275,13,0,0
BRDA:275,13,1,0
BRDA:275,14,0,0
BRDA:275,14,1,0
BRDA:276,15,0,0
BRDA:276,15,1,0
BRDA:283,16,0,0
BRDA:283,16,1,0
BRDA:297,17,0,0
BRDA:297,17,1,0
BRDA:357,18,0,0
BRDA:357,18,1,0
BRDA:364,19,0,0
BRDA:364,19,1,0
BRDA:372,20,0,0
BRDA:372,20,1,0
BRDA:375,21,0,0
BRDA:375,21,1,0
BRDA:375,21,2,0
BRDA:379,22,0,0
BRDA:379,22,1,0
BRDA:379,22,2,0
BRDA:383,23,0,0
BRDA:383,23,1,0
BRDA:383,24,0,0
BRDA:383,24,1,0
BRDA:383,24,2,0
BRDA:427,25,0,0
BRDA:427,25,1,0
BRDA:471,26,0,0
BRDA:471,26,1,0
BRDA:479,27,0,0
BRDA:479,27,1,0
BRDA:482,28,0,0
BRDA:482,28,1,0
BRDA:482,28,2,0
BRDA:487,29,0,0
BRDA:487,29,1,0
BRDA:487,30,0,0
BRDA:487,30,1,0
BRDA:497,31,0,0
BRDA:497,31,1,0
BRDA:497,32,0,0
BRDA:497,32,1,0
BRDA:613,33,0,0
BRDA:613,33,1,0
BRDA:624,34,0,0
BRDA:624,34,1,0
BRDA:632,35,0,0
BRDA:632,35,1,0
BRF:78
BRH:0
end_of_record
TN:
SF:src\controllers\healthController.js
FN:59,(anonymous_0)
FN:116,(anonymous_1)
FN:146,(anonymous_2)
FN:174,(anonymous_3)
FN:194,(anonymous_4)
FN:235,checkDatabase
FN:258,checkAzureStorage
FNF:7
FNH:0
FNDA:0,(anonymous_0)
FNDA:0,(anonymous_1)
FNDA:0,(anonymous_2)
FNDA:0,(anonymous_3)
FNDA:0,(anonymous_4)
FNDA:0,checkDatabase
FNDA:0,checkAzureStorage
DA:1,0
DA:2,0
DA:59,0
DA:60,0
DA:61,0
DA:85,0
DA:88,0
DA:89,0
DA:90,0
DA:93,0
DA:95,0
DA:116,0
DA:117,0
DA:118,0
DA:120,0
DA:121,0
DA:123,0
DA:126,0
DA:146,0
DA:147,0
DA:148,0
DA:150,0
DA:151,0
DA:153,0
DA:156,0
DA:174,0
DA:175,0
DA:194,0
DA:195,0
DA:197,0
DA:203,0
DA:206,0
DA:207,0
DA:216,0
DA:226,0
DA:236,0
DA:237,0
DA:238,0
DA:239,0
DA:240,0
DA:242,0
DA:244,0
DA:250,0
DA:259,0
DA:260,0
DA:261,0
DA:262,0
DA:269,0
DA:274,0
DA:275,0
DA:277,0
DA:279,0
DA:285,0
LF:53
LH:0
BRDA:85,0,0,0
BRDA:85,0,1,0
BRDA:88,1,0,0
BRDA:88,1,1,0
BRDA:120,2,0,0
BRDA:120,2,1,0
BRDA:150,3,0,0
BRDA:150,3,1,0
BRDA:203,4,0,0
BRDA:203,4,1,0
BRDA:206,5,0,0
BRDA:206,5,1,0
BRDA:261,6,0,0
BRDA:261,6,1,0
BRF:14
BRH:0
end_of_record
TN:
SF:src\controllers\roleController.js
FN:33,(anonymous_0)
FN:67,(anonymous_1)
FNF:2
FNH:0
FNDA:0,(anonymous_0)
FNDA:0,(anonymous_1)
DA:1,0
DA:33,0
DA:34,0
DA:35,0
DA:37,0
DA:42,0
DA:43,0
DA:67,0
DA:68,0
DA:69,0
DA:71,0
DA:72,0
DA:78,0
DA:83,0
DA:84,0
DA:92,0
LF:16
LH:0
BRDA:71,0,0,0
BRDA:71,0,1,0
BRF:2
BRH:0
end_of_record
TN:
SF:src\controllers\scheduleController.js
FN:9,(anonymous_0)
FN:10,(anonymous_1)
FN:12,(anonymous_2)
FN:60,(anonymous_3)
FN:72,(anonymous_4)
FN:75,(anonymous_5)
FN:78,(anonymous_6)
FN:121,(anonymous_7)
FN:212,(anonymous_8)
FN:380,(anonymous_9)
FN:427,(anonymous_10)
FN:474,(anonymous_11)
FN:518,(anonymous_12)
FN:539,(anonymous_13)
FN:573,(anonymous_14)
FN:622,(anonymous_15)
FN:627,(anonymous_16)
FN:628,(anonymous_17)
FN:659,(anonymous_18)
FNF:19
FNH:0
FNDA:0,(anonymous_0)
FNDA:0,(anonymous_1)
FNDA:0,(anonymous_2)
FNDA:0,(anonymous_3)
FNDA:0,(anonymous_4)
FNDA:0,(anonymous_5)
FNDA:0,(anonymous_6)
FNDA:0,(anonymous_7)
FNDA:0,(anonymous_8)
FNDA:0,(anonymous_9)
FNDA:0,(anonymous_10)
FNDA:0,(anonymous_11)
FNDA:0,(anonymous_12)
FNDA:0,(anonymous_13)
FNDA:0,(anonymous_14)
FNDA:0,(anonymous_15)
FNDA:0,(anonymous_16)
FNDA:0,(anonymous_17)
FNDA:0,(anonymous_18)
DA:1,0
DA:2,0
DA:3,0
DA:4,0
DA:5,0
DA:6,0
DA:7,0
DA:9,0
DA:10,0
DA:12,0
DA:13,0
DA:14,0
DA:16,0
DA:17,0
DA:18,0
DA:20,0
DA:21,0
DA:24,0
DA:25,0
DA:28,0
DA:60,0
DA:61,0
DA:62,0
DA:71,0
DA:72,0
DA:74,0
DA:76,0
DA:77,0
DA:78,0
DA:84,0
DA:91,0
DA:96,0
DA:97,0
DA:121,0
DA:122,0
DA:123,0
DA:125,0
DA:126,0
DA:132,0
DA:133,0
DA:140,0
DA:142,0
DA:150,0
DA:151,0
DA:212,0
DA:213,0
DA:214,0
DA:216,0
DA:217,0
DA:224,0
DA:225,0
DA:233,0
DA:234,0
DA:235,0
DA:246,0
DA:247,0
DA:248,0
DA:258,0
DA:267,0
DA:268,0
DA:270,0
DA:272,0
DA:276,0
DA:277,0
DA:281,0
DA:286,0
DA:287,0
DA:293,0
DA:297,0
DA:310,0
DA:311,0
DA:312,0
DA:324,0
DA:325,0
DA:326,0
DA:337,0
DA:343,0
DA:344,0
DA:380,0
DA:381,0
DA:382,0
DA:383,0
DA:384,0
DA:389,0
DA:391,0
DA:392,0
DA:394,0
DA:398,0
DA:400,0
DA:401,0
DA:403,0
DA:427,0
DA:428,0
DA:429,0
DA:431,0
DA:433,0
DA:438,0
DA:440,0
DA:441,0
DA:443,0
DA:444,0
DA:446,0
DA:447,0
DA:450,0
DA:474,0
DA:475,0
DA:476,0
DA:477,0
DA:478,0
DA:483,0
DA:485,0
DA:486,0
DA:488,0
DA:489,0
DA:491,0
DA:492,0
DA:494,0
DA:518,0
DA:519,0
DA:520,0
DA:521,0
DA:523,0
DA:524,0
DA:530,0
DA:531,0
DA:538,0
DA:539,0
DA:540,0
DA:541,0
DA:543,0
DA:544,0
DA:546,0
DA:547,0
DA:553,0
DA:555,0
DA:560,0
DA:561,0
DA:573,0
DA:574,0
DA:575,0
DA:576,0
DA:578,0
DA:579,0
DA:585,0
DA:592,0
DA:593,0
DA:594,0
DA:595,0
DA:596,0
DA:598,0
DA:601,0
DA:602,0
DA:603,0
DA:604,0
DA:606,0
DA:607,0
DA:615,0
DA:616,0
DA:617,0
DA:619,0
DA:622,0
DA:627,0
DA:628,0
DA:631,0
DA:639,0
DA:640,0
DA:641,0
DA:642,0
DA:644,0
DA:646,0
DA:647,0
DA:659,0
DA:660,0
DA:661,0
DA:663,0
DA:664,0
DA:670,0
DA:671,0
DA:672,0
DA:679,0
DA:680,0
DA:681,0
DA:682,0
DA:684,0
DA:690,0
DA:693,0
DA:695,0
DA:696,0
DA:697,0
DA:699,0
DA:701,0
DA:702,0
DA:710,0
LF:193
LH:0
BRDA:10,0,0,0
BRDA:10,0,1,0
BRDA:13,1,0,0
BRDA:13,1,1,0
BRDA:13,2,0,0
BRDA:13,2,1,0
BRDA:14,3,0,0
BRDA:14,3,1,0
BRDA:20,4,0,0
BRDA:20,4,1,0
BRDA:24,5,0,0
BRDA:24,5,1,0
BRDA:25,6,0,0
BRDA:25,6,1,0
BRDA:125,7,0,0
BRDA:125,7,1,0
BRDA:132,8,0,0
BRDA:132,8,1,0
BRDA:216,9,0,0
BRDA:216,9,1,0
BRDA:216,10,0,0
BRDA:216,10,1,0
BRDA:216,10,2,0
BRDA:224,11,0,0
BRDA:224,11,1,0
BRDA:233,12,0,0
BRDA:233,12,1,0
BRDA:233,13,0,0
BRDA:233,13,1,0
BRDA:246,14,0,0
BRDA:246,14,1,0
BRDA:246,15,0,0
BRDA:246,15,1,0
BRDA:270,16,0,0
BRDA:270,16,1,0
BRDA:276,17,0,0
BRDA:276,17,1,0
BRDA:286,18,0,0
BRDA:286,18,1,0
BRDA:286,19,0,0
BRDA:286,19,1,0
BRDA:310,20,0,0
BRDA:310,20,1,0
BRDA:310,21,0,0
BRDA:310,21,1,0
BRDA:324,22,0,0
BRDA:324,22,1,0
BRDA:324,23,0,0
BRDA:324,23,1,0
BRDA:391,24,0,0
BRDA:391,24,1,0
BRDA:394,25,0,0
BRDA:394,25,1,0
BRDA:395,26,0,0
BRDA:395,26,1,0
BRDA:400,27,0,0
BRDA:400,27,1,0
BRDA:440,28,0,0
BRDA:440,28,1,0
BRDA:443,29,0,0
BRDA:443,29,1,0
BRDA:446,30,0,0
BRDA:446,30,1,0
BRDA:485,31,0,0
BRDA:485,31,1,0
BRDA:488,32,0,0
BRDA:488,32,1,0
BRDA:491,33,0,0
BRDA:491,33,1,0
BRDA:523,34,0,0
BRDA:523,34,1,0
BRDA:530,35,0,0
BRDA:530,35,1,0
BRDA:538,36,0,0
BRDA:538,36,1,0
BRDA:543,37,0,0
BRDA:543,37,1,0
BRDA:543,37,2,0
BRDA:544,38,0,0
BRDA:544,38,1,0
BRDA:544,38,2,0
BRDA:546,39,0,0
BRDA:546,39,1,0
BRDA:546,40,0,0
BRDA:546,40,1,0
BRDA:578,41,0,0
BRDA:578,41,1,0
BRDA:578,42,0,0
BRDA:578,42,1,0
BRDA:606,43,0,0
BRDA:606,43,1,0
BRDA:609,44,0,0
BRDA:609,44,1,0
BRDA:610,45,0,0
BRDA:610,45,1,0
BRDA:616,46,0,0
BRDA:616,46,1,0
BRDA:663,47,0,0
BRDA:663,47,1,0
BRDA:671,48,0,0
BRDA:671,48,1,0
BRDA:679,49,0,0
BRDA:679,49,1,0
BRDA:681,50,0,0
BRDA:681,50,1,0
BRDA:690,51,0,0
BRDA:690,51,1,0
BRF:107
BRH:0
end_of_record
TN:
SF:src\controllers\shiftController.js
FN:5,(anonymous_0)
FN:8,(anonymous_1)
FN:33,(anonymous_2)
FN:100,(anonymous_3)
FN:171,(anonymous_4)
FN:239,(anonymous_5)
FN:298,(anonymous_6)
FN:370,(anonymous_7)
FN:459,(anonymous_8)
FNF:9
FNH:0
FNDA:0,(anonymous_0)
FNDA:0,(anonymous_1)
FNDA:0,(anonymous_2)
FNDA:0,(anonymous_3)
FNDA:0,(anonymous_4)
FNDA:0,(anonymous_5)
FNDA:0,(anonymous_6)
FNDA:0,(anonymous_7)
FNDA:0,(anonymous_8)
DA:1,0
DA:2,0
DA:3,0
DA:5,0
DA:6,0
DA:8,0
DA:9,0
DA:11,0
DA:33,0
DA:34,0
DA:35,0
DA:37,0
DA:38,0
DA:44,0
DA:46,0
DA:54,0
DA:55,0
DA:100,0
DA:101,0
DA:113,0
DA:114,0
DA:116,0
DA:117,0
DA:123,0
DA:124,0
DA:131,0
DA:132,0
DA:133,0
DA:139,0
DA:140,0
DA:147,0
DA:152,0
DA:153,0
DA:159,0
DA:170,0
DA:171,0
DA:173,0
DA:174,0
DA:180,0
DA:181,0
DA:190,0
DA:196,0
DA:197,0
DA:239,0
DA:240,0
DA:241,0
DA:242,0
DA:244,0
DA:245,0
DA:251,0
DA:252,0
DA:253,0
DA:259,0
DA:260,0
DA:266,0
DA:268,0
DA:273,0
DA:274,0
DA:298,0
DA:299,0
DA:300,0
DA:301,0
DA:303,0
DA:304,0
DA:310,0
DA:311,0
DA:312,0
DA:318,0
DA:319,0
DA:325,0
DA:327,0
DA:332,0
DA:333,0
DA:370,0
DA:371,0
DA:372,0
DA:373,0
DA:375,0
DA:376,0
DA:382,0
DA:383,0
DA:384,0
DA:390,0
DA:391,0
DA:392,0
DA:398,0
DA:399,0
DA:406,0
DA:407,0
DA:413,0
DA:414,0
DA:415,0
DA:421,0
DA:428,0
DA:434,0
DA:435,0
DA:459,0
DA:460,0
DA:461,0
DA:463,0
DA:464,0
DA:465,0
DA:471,0
DA:472,0
DA:473,0
DA:479,0
DA:480,0
DA:481,0
DA:487,0
DA:488,0
DA:494,0
DA:496,0
DA:501,0
DA:502,0
DA:510,0
LF:115
LH:0
BRDA:6,0,0,0
BRDA:6,0,1,0
BRDA:6,1,0,0
BRDA:6,1,1,0
BRDA:8,2,0,0
BRDA:8,2,1,0
BRDA:9,3,0,0
BRDA:9,3,1,0
BRDA:12,4,0,0
BRDA:12,4,1,0
BRDA:37,5,0,0
BRDA:37,5,1,0
BRDA:114,6,0,0
BRDA:114,6,1,0
BRDA:114,6,2,0
BRDA:116,7,0,0
BRDA:116,7,1,0
BRDA:116,8,0,0
BRDA:116,8,1,0
BRDA:116,8,2,0
BRDA:123,9,0,0
BRDA:123,9,1,0
BRDA:123,10,0,0
BRDA:123,10,1,0
BRDA:123,10,2,0
BRDA:132,11,0,0
BRDA:132,11,1,0
BRDA:139,12,0,0
BRDA:139,12,1,0
BRDA:147,13,0,0
BRDA:147,13,1,0
BRDA:147,13,2,0
BRDA:147,13,3,0
BRDA:152,14,0,0
BRDA:152,14,1,0
BRDA:170,15,0,0
BRDA:170,15,1,0
BRDA:170,16,0,0
BRDA:170,16,1,0
BRDA:173,17,0,0
BRDA:173,17,1,0
BRDA:244,18,0,0
BRDA:244,18,1,0
BRDA:252,19,0,0
BRDA:252,19,1,0
BRDA:259,20,0,0
BRDA:259,20,1,0
BRDA:303,21,0,0
BRDA:303,21,1,0
BRDA:311,22,0,0
BRDA:311,22,1,0
BRDA:318,23,0,0
BRDA:318,23,1,0
BRDA:375,24,0,0
BRDA:375,24,1,0
BRDA:383,25,0,0
BRDA:383,25,1,0
BRDA:391,26,0,0
BRDA:391,26,1,0
BRDA:398,27,0,0
BRDA:398,27,1,0
BRDA:406,28,0,0
BRDA:406,28,1,0
BRDA:406,29,0,0
BRDA:406,29,1,0
BRDA:414,30,0,0
BRDA:414,30,1,0
BRDA:464,31,0,0
BRDA:464,31,1,0
BRDA:472,32,0,0
BRDA:472,32,1,0
BRDA:480,33,0,0
BRDA:480,33,1,0
BRDA:487,34,0,0
BRDA:487,34,1,0
BRF:75
BRH:0
end_of_record
TN:
SF:src\controllers\userController.js
FN:32,(anonymous_0)
FN:37,(anonymous_1)
FN:80,(anonymous_2)
FN:161,(anonymous_3)
FN:280,(anonymous_4)
FN:361,(anonymous_5)
FN:417,(anonymous_6)
FN:492,(anonymous_7)
FNF:8
FNH:0
FNDA:0,(anonymous_0)
FNDA:0,(anonymous_1)
FNDA:0,(anonymous_2)
FNDA:0,(anonymous_3)
FNDA:0,(anonymous_4)
FNDA:0,(anonymous_5)
FNDA:0,(anonymous_6)
FNDA:0,(anonymous_7)
DA:1,0
DA:2,0
DA:3,0
DA:32,0
DA:33,0
DA:34,0
DA:36,0
DA:37,0
DA:39,0
DA:43,0
DA:45,0
DA:47,0
DA:53,0
DA:54,0
DA:80,0
DA:81,0
DA:82,0
DA:84,0
DA:86,0
DA:87,0
DA:93,0
DA:95,0
DA:103,0
DA:104,0
DA:161,0
DA:162,0
DA:164,0
DA:165,0
DA:170,0
DA:173,0
DA:174,0
DA:181,0
DA:182,0
DA:183,0
DA:190,0
DA:191,0
DA:192,0
DA:199,0
DA:212,0
DA:213,0
DA:214,0
DA:216,0
DA:219,0
DA:221,0
DA:227,0
DA:228,0
DA:229,0
DA:235,0
DA:280,0
DA:281,0
DA:282,0
DA:283,0
DA:286,0
DA:287,0
DA:288,0
DA:295,0
DA:296,0
DA:297,0
DA:298,0
DA:306,0
DA:307,0
DA:308,0
DA:309,0
DA:317,0
DA:319,0
DA:324,0
DA:325,0
DA:361,0
DA:362,0
DA:363,0
DA:364,0
DA:366,0
DA:367,0
DA:374,0
DA:375,0
DA:376,0
DA:383,0
DA:385,0
DA:387,0
DA:392,0
DA:393,0
DA:417,0
DA:418,0
DA:420,0
DA:421,0
DA:423,0
DA:426,0
DA:427,0
DA:428,0
DA:435,0
DA:438,0
DA:440,0
DA:442,0
DA:447,0
DA:448,0
DA:449,0
DA:455,0
DA:492,0
DA:493,0
DA:494,0
DA:495,0
DA:497,0
DA:498,0
DA:505,0
DA:506,0
DA:507,0
DA:514,0
DA:515,0
DA:516,0
DA:522,0
DA:525,0
DA:526,0
DA:528,0
DA:533,0
DA:534,0
DA:542,0
LF:116
LH:0
BRDA:36,0,0,0
BRDA:36,0,1,0
BRDA:39,1,0,0
BRDA:39,1,1,0
BRDA:41,2,0,0
BRDA:41,2,1,0
BRDA:43,3,0,0
BRDA:43,3,1,0
BRDA:43,4,0,0
BRDA:43,4,1,0
BRDA:86,5,0,0
BRDA:86,5,1,0
BRDA:173,6,0,0
BRDA:173,6,1,0
BRDA:173,7,0,0
BRDA:173,7,1,0
BRDA:173,7,2,0
BRDA:173,7,3,0
BRDA:173,7,4,0
BRDA:173,7,5,0
BRDA:182,8,0,0
BRDA:182,8,1,0
BRDA:191,9,0,0
BRDA:191,9,1,0
BRDA:212,10,0,0
BRDA:212,10,1,0
BRDA:213,11,0,0
BRDA:213,11,1,0
BRDA:214,12,0,0
BRDA:214,12,1,0
BRDA:287,13,0,0
BRDA:287,13,1,0
BRDA:295,14,0,0
BRDA:295,14,1,0
BRDA:295,15,0,0
BRDA:295,15,1,0
BRDA:297,16,0,0
BRDA:297,16,1,0
BRDA:306,17,0,0
BRDA:306,17,1,0
BRDA:306,18,0,0
BRDA:306,18,1,0
BRDA:308,19,0,0
BRDA:308,19,1,0
BRDA:366,20,0,0
BRDA:366,20,1,0
BRDA:375,21,0,0
BRDA:375,21,1,0
BRDA:385,22,0,0
BRDA:385,22,1,0
BRDA:427,23,0,0
BRDA:427,23,1,0
BRDA:497,24,0,0
BRDA:497,24,1,0
BRDA:497,25,0,0
BRDA:497,25,1,0
BRDA:506,26,0,0
BRDA:506,26,1,0
BRDA:515,27,0,0
BRDA:515,27,1,0
BRDA:522,28,0,0
BRDA:522,28,1,0
BRDA:522,29,0,0
BRDA:522,29,1,0
BRF:64
BRH:0
end_of_record
TN:
SF:src\middleware\auth.js
FN:5,(anonymous_0)
FNF:1
FNH:0
FNDA:0,(anonymous_0)
DA:1,0
DA:2,0
DA:3,0
DA:5,0
DA:6,0
DA:8,0
DA:10,0
DA:11,0
DA:17,0
DA:20,0
DA:23,0
DA:25,0
DA:26,0
DA:33,0
DA:34,0
DA:41,0
DA:44,0
DA:53,0
DA:55,0
DA:56,0
DA:62,0
DA:63,0
DA:69,0
DA:70,0
DA:78,0
LF:25
LH:0
BRDA:10,0,0,0
BRDA:10,0,1,0
BRDA:10,1,0,0
BRDA:10,1,1,0
BRDA:25,2,0,0
BRDA:25,2,1,0
BRDA:33,3,0,0
BRDA:33,3,1,0
BRDA:55,4,0,0
BRDA:55,4,1,0
BRDA:62,5,0,0
BRDA:62,5,1,0
BRF:12
BRH:0
end_of_record
TN:
SF:src\middleware\authorize.js
FN:5,(anonymous_0)
FN:6,(anonymous_1)
FN:11,(anonymous_2)
FN:34,(anonymous_3)
FN:37,(anonymous_4)
FN:57,(anonymous_5)
FN:58,(anonymous_6)
FN:63,(anonymous_7)
FN:69,(anonymous_8)
FN:103,(anonymous_9)
FN:104,(anonymous_10)
FN:109,(anonymous_11)
FN:115,(anonymous_12)
FN:147,(anonymous_13)
FN:152,(anonymous_14)
FN:179,(anonymous_15)
FN:180,(anonymous_16)
FN:187,(anonymous_17)
FN:194,(anonymous_18)
FN:208,(anonymous_19)
FN:247,(anonymous_20)
FN:248,(anonymous_21)
FN:254,(anonymous_22)
FN:261,(anonymous_23)
FNF:24
FNH:0
FNDA:0,(anonymous_0)
FNDA:0,(anonymous_1)
FNDA:0,(anonymous_2)
FNDA:0,(anonymous_3)
FNDA:0,(anonymous_4)
FNDA:0,(anonymous_5)
FNDA:0,(anonymous_6)
FNDA:0,(anonymous_7)
FNDA:0,(anonymous_8)
FNDA:0,(anonymous_9)
FNDA:0,(anonymous_10)
FNDA:0,(anonymous_11)
FNDA:0,(anonymous_12)
FNDA:0,(anonymous_13)
FNDA:0,(anonymous_14)
FNDA:0,(anonymous_15)
FNDA:0,(anonymous_16)
FNDA:0,(anonymous_17)
FNDA:0,(anonymous_18)
FNDA:0,(anonymous_19)
FNDA:0,(anonymous_20)
FNDA:0,(anonymous_21)
FNDA:0,(anonymous_22)
FNDA:0,(anonymous_23)
DA:5,0
DA:6,0
DA:7,0
DA:8,0
DA:11,0
DA:12,0
DA:15,0
DA:16,0
DA:22,0
DA:24,0
DA:25,0
DA:34,0
DA:35,0
DA:36,0
DA:37,0
DA:39,0
DA:40,0
DA:46,0
DA:48,0
DA:49,0
DA:57,0
DA:58,0
DA:59,0
DA:60,0
DA:63,0
DA:64,0
DA:65,0
DA:69,0
DA:70,0
DA:73,0
DA:74,0
DA:78,0
DA:81,0
DA:84,0
DA:85,0
DA:91,0
DA:93,0
DA:94,0
DA:103,0
DA:104,0
DA:105,0
DA:106,0
DA:109,0
DA:110,0
DA:111,0
DA:115,0
DA:116,0
DA:117,0
DA:121,0
DA:122,0
DA:125,0
DA:128,0
DA:129,0
DA:135,0
DA:137,0
DA:138,0
DA:147,0
DA:148,0
DA:149,0
DA:152,0
DA:153,0
DA:154,0
DA:159,0
DA:160,0
DA:167,0
DA:168,0
DA:170,0
DA:171,0
DA:179,0
DA:180,0
DA:181,0
DA:182,0
DA:183,0
DA:184,0
DA:187,0
DA:188,0
DA:189,0
DA:190,0
DA:194,0
DA:195,0
DA:199,0
DA:200,0
DA:201,0
DA:205,0
DA:208,0
DA:209,0
DA:213,0
DA:214,0
DA:219,0
DA:224,0
DA:225,0
DA:231,0
DA:232,0
DA:235,0
DA:237,0
DA:238,0
DA:247,0
DA:248,0
DA:249,0
DA:250,0
DA:251,0
DA:254,0
DA:255,0
DA:256,0
DA:257,0
DA:261,0
DA:262,0
DA:267,0
DA:268,0
DA:273,0
DA:274,0
DA:276,0
DA:277,0
DA:286,0
LF:114
LH:0
BRDA:8,0,0,0
BRDA:8,0,1,0
BRDA:15,1,0,0
BRDA:15,1,1,0
BRDA:36,2,0,0
BRDA:36,2,1,0
BRDA:39,3,0,0
BRDA:39,3,1,0
BRDA:57,4,0,0
BRDA:60,5,0,0
BRDA:60,5,1,0
BRDA:64,6,0,0
BRDA:64,6,1,0
BRDA:70,7,0,0
BRDA:70,7,1,0
BRDA:73,8,0,0
BRDA:73,8,1,0
BRDA:74,9,0,0
BRDA:74,9,1,0
BRDA:78,10,0,0
BRDA:78,10,1,0
BRDA:84,11,0,0
BRDA:84,11,1,0
BRDA:103,12,0,0
BRDA:106,13,0,0
BRDA:106,13,1,0
BRDA:110,14,0,0
BRDA:110,14,1,0
BRDA:116,15,0,0
BRDA:116,15,1,0
BRDA:116,16,0,0
BRDA:116,16,1,0
BRDA:121,17,0,0
BRDA:121,17,1,0
BRDA:128,18,0,0
BRDA:128,18,1,0
BRDA:149,19,0,0
BRDA:149,19,1,0
BRDA:153,20,0,0
BRDA:153,20,1,0
BRDA:159,21,0,0
BRDA:159,21,1,0
BRDA:182,22,0,0
BRDA:182,22,1,0
BRDA:188,23,0,0
BRDA:188,23,1,0
BRDA:195,24,0,0
BRDA:195,24,1,0
BRDA:195,24,2,0
BRDA:199,25,0,0
BRDA:199,25,1,0
BRDA:205,26,0,0
BRDA:205,26,1,0
BRDA:205,26,2,0
BRDA:209,27,0,0
BRDA:209,27,1,0
BRDA:209,27,2,0
BRDA:213,28,0,0
BRDA:213,28,1,0
BRDA:250,29,0,0
BRDA:250,29,1,0
BRDA:255,30,0,0
BRDA:255,30,1,0
BRDA:262,31,0,0
BRDA:262,31,1,0
BRDA:262,31,2,0
BRDA:267,32,0,0
BRDA:267,32,1,0
BRDA:267,33,0,0
BRDA:267,33,1,0
BRF:70
BRH:0
end_of_record
TN:
SF:src\middleware\upload.js
FN:9,(anonymous_0)
FN:41,(anonymous_1)
FN:66,(anonymous_2)
FNF:3
FNH:0
FNDA:0,(anonymous_0)
FNDA:0,(anonymous_1)
FNDA:0,(anonymous_2)
DA:1,0
DA:2,0
DA:3,0
DA:6,0
DA:9,0
DA:11,0
DA:24,0
DA:25,0
DA:27,0
DA:32,0
DA:41,0
DA:42,0
DA:43,0
DA:44,0
DA:49,0
DA:56,0
DA:57,0
DA:63,0
DA:66,0
DA:67,0
DA:68,0
DA:69,0
DA:70,0
DA:72,0
DA:77,0
DA:80,0
LF:26
LH:0
BRDA:24,0,0,0
BRDA:24,0,1,0
BRDA:42,1,0,0
BRDA:42,1,1,0
BRDA:43,2,0,0
BRDA:43,2,1,0
BRDA:56,3,0,0
BRDA:56,3,1,0
BRF:8
BRH:0
end_of_record
TN:
SF:src\middleware\validate.js
FN:3,(anonymous_0)
FN:7,(anonymous_1)
FNF:2
FNH:0
FNDA:0,(anonymous_0)
FNDA:0,(anonymous_1)
DA:1,0
DA:3,0
DA:4,0
DA:6,0
DA:7,0
DA:12,0
DA:19,0
DA:22,0
LF:8
LH:0
BRDA:6,0,0,0
BRDA:6,0,1,0
BRF:2
BRH:0
end_of_record
TN:
SF:src\models\Category.js
FN:4,(anonymous_0)
FN:11,(anonymous_1)
FN:19,(anonymous_2)
FNF:3
FNH:0
FNDA:0,(anonymous_0)
FNDA:0,(anonymous_1)
FNDA:0,(anonymous_2)
DA:1,0
DA:5,0
DA:8,0
DA:12,0
DA:16,0
DA:20,0
DA:22,0
DA:27,0
DA:31,0
LF:9
LH:0
BRF:0
BRH:0
end_of_record
TN:
SF:src\models\Department.js
FN:4,(anonymous_0)
FN:16,(anonymous_1)
FN:44,(anonymous_2)
FN:60,(anonymous_3)
FN:68,(anonymous_4)
FN:82,(anonymous_5)
FN:116,(anonymous_6)
FNF:7
FNH:0
FNDA:0,(anonymous_0)
FNDA:0,(anonymous_1)
FNDA:0,(anonymous_2)
FNDA:0,(anonymous_3)
FNDA:0,(anonymous_4)
FNDA:0,(anonymous_5)
FNDA:0,(anonymous_6)
DA:1,1
DA:5,0
DA:7,0
DA:13,0
DA:17,0
DA:31,0
DA:33,0
DA:34,0
DA:35,0
DA:38,0
DA:40,0
DA:41,0
DA:45,0
DA:57,0
DA:61,0
DA:65,0
DA:69,0
DA:71,0
DA:79,0
DA:83,0
DA:85,0
DA:86,0
DA:89,0
DA:95,0
DA:101,0
DA:106,0
DA:107,0
DA:109,0
DA:110,0
DA:112,0
DA:117,0
DA:128,0
DA:132,1
LF:33
LH:2
BRDA:16,0,0,0
BRDA:33,1,0,0
BRDA:33,1,1,0
BRF:3
BRH:0
end_of_record
TN:
SF:src\models\Document.js
FN:4,(anonymous_0)
FN:22,(anonymous_1)
FN:73,(anonymous_2)
FN:89,(anonymous_3)
FN:95,(anonymous_4)
FN:139,(anonymous_5)
FN:149,(anonymous_6)
FN:159,(anonymous_7)
FN:167,(anonymous_8)
FN:175,(anonymous_9)
FNF:10
FNH:0
FNDA:0,(anonymous_0)
FNDA:0,(anonymous_1)
FNDA:0,(anonymous_2)
FNDA:0,(anonymous_3)
FNDA:0,(anonymous_4)
FNDA:0,(anonymous_5)
FNDA:0,(anonymous_6)
FNDA:0,(anonymous_7)
FNDA:0,(anonymous_8)
FNDA:0,(anonymous_9)
DA:1,0
DA:8,0
DA:10,0
DA:19,0
DA:23,0
DA:35,0
DA:37,0
DA:38,0
DA:39,0
DA:42,0
DA:43,0
DA:44,0
DA:47,0
DA:48,0
DA:49,0
DA:52,0
DA:53,0
DA:54,0
DA:57,0
DA:58,0
DA:59,0
DA:62,0
DA:64,0
DA:65,0
DA:66,0
DA:69,0
DA:70,0
DA:74,0
DA:86,0
DA:90,0
DA:91,0
DA:93,0
DA:95,0
DA:96,0
DA:97,0
DA:98,0
DA:103,0
DA:104,0
DA:105,0
DA:107,0
DA:108,0
DA:109,0
DA:112,0
DA:113,0
DA:114,0
DA:117,0
DA:118,0
DA:119,0
DA:122,0
DA:123,0
DA:124,0
DA:128,0
DA:129,0
DA:131,0
DA:136,0
DA:140,0
DA:146,0
DA:150,0
DA:156,0
DA:160,0
DA:164,0
DA:168,0
DA:172,0
DA:176,0
DA:187,0
DA:189,0
DA:190,0
DA:191,0
DA:194,0
DA:195,0
DA:199,0
LF:71
LH:0
BRDA:7,0,0,0
BRDA:22,1,0,0
BRDA:37,2,0,0
BRDA:37,2,1,0
BRDA:42,3,0,0
BRDA:42,3,1,0
BRDA:47,4,0,0
BRDA:47,4,1,0
BRDA:52,5,0,0
BRDA:52,5,1,0
BRDA:57,6,0,0
BRDA:57,6,1,0
BRDA:64,7,0,0
BRDA:64,7,1,0
BRDA:66,8,0,0
BRDA:66,8,1,0
BRDA:96,9,0,0
BRDA:96,9,1,0
BRDA:103,10,0,0
BRDA:103,10,1,0
BRDA:103,11,0,0
BRDA:103,11,1,0
BRDA:107,12,0,0
BRDA:107,12,1,0
BRDA:112,13,0,0
BRDA:112,13,1,0
BRDA:117,14,0,0
BRDA:117,14,1,0
BRDA:122,15,0,0
BRDA:122,15,1,0
BRDA:175,16,0,0
BRDA:189,17,0,0
BRDA:189,17,1,0
BRF:33
BRH:0
end_of_record
TN:
SF:src\models\Role.js
FN:4,(anonymous_0)
FN:11,(anonymous_1)
FN:19,(anonymous_2)
FN:27,(anonymous_3)
FN:39,(anonymous_4)
FN:48,(anonymous_5)
FN:56,(anonymous_6)
FNF:7
FNH:0
FNDA:0,(anonymous_0)
FNDA:0,(anonymous_1)
FNDA:0,(anonymous_2)
FNDA:0,(anonymous_3)
FNDA:0,(anonymous_4)
FNDA:0,(anonymous_5)
FNDA:0,(anonymous_6)
DA:1,1
DA:5,0
DA:8,0
DA:12,0
DA:16,0
DA:20,0
DA:24,0
DA:28,0
DA:36,0
DA:40,0
DA:45,0
DA:49,0
DA:53,0
DA:57,0
DA:61,0
DA:65,1
LF:16
LH:2
BRDA:39,0,0,0
BRF:1
BRH:0
end_of_record
TN:
SF:src\models\Schedule.js
FN:4,(anonymous_0)
FN:23,(anonymous_1)
FN:75,(anonymous_2)
FN:92,(anonymous_3)
FN:98,(anonymous_4)
FN:116,(anonymous_5)
FN:124,(anonymous_6)
FN:159,(anonymous_7)
FNF:8
FNH:0
FNDA:0,(anonymous_0)
FNDA:0,(anonymous_1)
FNDA:0,(anonymous_2)
FNDA:0,(anonymous_3)
FNDA:0,(anonymous_4)
FNDA:0,(anonymous_5)
FNDA:0,(anonymous_6)
FNDA:0,(anonymous_7)
DA:1,1
DA:9,0
DA:11,0
DA:20,0
DA:24,0
DA:37,0
DA:39,0
DA:40,0
DA:41,0
DA:44,0
DA:45,0
DA:46,0
DA:49,0
DA:50,0
DA:51,0
DA:54,0
DA:55,0
DA:56,0
DA:59,0
DA:60,0
DA:61,0
DA:64,0
DA:65,0
DA:66,0
DA:69,0
DA:71,0
DA:72,0
DA:76,0
DA:89,0
DA:93,0
DA:94,0
DA:96,0
DA:98,0
DA:99,0
DA:100,0
DA:101,0
DA:105,0
DA:106,0
DA:108,0
DA:113,0
DA:117,0
DA:121,0
DA:125,0
DA:127,0
DA:128,0
DA:131,0
DA:138,0
DA:144,0
DA:149,0
DA:150,0
DA:152,0
DA:153,0
DA:155,0
DA:160,0
DA:166,0
DA:170,1
LF:56
LH:2
BRDA:8,0,0,0
BRDA:23,1,0,0
BRDA:39,2,0,0
BRDA:39,2,1,0
BRDA:44,3,0,0
BRDA:44,3,1,0
BRDA:49,4,0,0
BRDA:49,4,1,0
BRDA:54,5,0,0
BRDA:54,5,1,0
BRDA:59,6,0,0
BRDA:59,6,1,0
BRDA:64,7,0,0
BRDA:64,7,1,0
BRDA:99,8,0,0
BRDA:99,8,1,0
BRF:16
BRH:0
end_of_record
TN:
SF:src\models\Shift.js
FN:4,(anonymous_0)
FN:19,(anonymous_1)
FN:31,(anonymous_2)
FN:46,(anonymous_3)
FN:60,(anonymous_4)
FN:68,(anonymous_5)
FN:85,(anonymous_6)
FN:118,(anonymous_7)
FN:141,(anonymous_8)
FNF:9
FNH:0
FNDA:0,(anonymous_0)
FNDA:0,(anonymous_1)
FNDA:0,(anonymous_2)
FNDA:0,(anonymous_3)
FNDA:0,(anonymous_4)
FNDA:0,(anonymous_5)
FNDA:0,(anonymous_6)
FNDA:0,(anonymous_7)
FNDA:0,(anonymous_8)
DA:1,1
DA:8,0
DA:10,0
DA:19,0
DA:21,0
DA:28,0
DA:32,0
DA:43,0
DA:47,0
DA:57,0
DA:61,0
DA:62,0
DA:64,0
DA:68,0
DA:69,0
DA:70,0
DA:71,0
DA:75,0
DA:77,0
DA:82,0
DA:86,0
DA:88,0
DA:89,0
DA:92,0
DA:98,0
DA:103,0
DA:104,0
DA:106,0
DA:107,0
DA:109,0
DA:119,0
DA:131,0
DA:142,0
DA:155,0
DA:159,1
LF:35
LH:2
BRDA:19,0,0,0
BRDA:19,0,1,0
BRDA:69,1,0,0
BRDA:69,1,1,0
BRF:4
BRH:0
end_of_record
TN:
SF:src\models\ShiftAssignment.js
FN:13,(anonymous_0)
FN:21,(anonymous_1)
FN:39,(anonymous_2)
FN:60,(anonymous_3)
FN:79,(anonymous_4)
FN:120,(anonymous_5)
FN:142,(anonymous_6)
FN:168,(anonymous_7)
FN:181,(anonymous_8)
FN:194,(anonymous_9)
FN:208,(anonymous_10)
FN:222,(anonymous_11)
FN:237,(anonymous_12)
FN:285,(anonymous_13)
FNF:14
FNH:0
FNDA:0,(anonymous_0)
FNDA:0,(anonymous_1)
FNDA:0,(anonymous_2)
FNDA:0,(anonymous_3)
FNDA:0,(anonymous_4)
FNDA:0,(anonymous_5)
FNDA:0,(anonymous_6)
FNDA:0,(anonymous_7)
FNDA:0,(anonymous_8)
FNDA:0,(anonymous_9)
FNDA:0,(anonymous_10)
FNDA:0,(anonymous_11)
FNDA:0,(anonymous_12)
FNDA:0,(anonymous_13)
DA:1,1
DA:19,0
DA:21,0
DA:22,0
DA:25,0
DA:31,0
DA:40,0
DA:52,0
DA:61,0
DA:70,0
DA:80,0
DA:92,0
DA:94,0
DA:95,0
DA:96,0
DA:99,0
DA:100,0
DA:101,0
DA:104,0
DA:105,0
DA:106,0
DA:109,0
DA:111,0
DA:112,0
DA:121,0
DA:132,0
DA:143,0
DA:144,0
DA:146,0
DA:147,0
DA:148,0
DA:151,0
DA:153,0
DA:159,0
DA:169,0
DA:173,0
DA:182,0
DA:186,0
DA:195,0
DA:199,0
DA:209,0
DA:214,0
DA:223,0
DA:228,0
DA:238,0
DA:240,0
DA:241,0
DA:244,0
DA:248,0
DA:253,0
DA:254,0
DA:258,0
DA:263,0
DA:268,0
DA:269,0
DA:271,0
DA:272,0
DA:274,0
DA:286,0
DA:299,0
DA:303,1
LF:61
LH:2
BRDA:17,0,0,0
BRDA:22,1,0,0
BRDA:22,1,1,0
BRDA:79,2,0,0
BRDA:94,3,0,0
BRDA:94,3,1,0
BRDA:99,4,0,0
BRDA:99,4,1,0
BRDA:104,5,0,0
BRDA:104,5,1,0
BRDA:142,6,0,0
BRDA:146,7,0,0
BRDA:146,7,1,0
BRDA:253,8,0,0
BRDA:253,8,1,0
BRDA:253,9,0,0
BRDA:253,9,1,0
BRF:17
BRH:0
end_of_record
TN:
SF:src\models\User.js
FN:5,(anonymous_0)
FN:25,(anonymous_1)
FN:58,(anonymous_2)
FN:64,(anonymous_3)
FN:85,(anonymous_4)
FN:93,(anonymous_5)
FN:101,(anonymous_6)
FN:110,(anonymous_7)
FN:134,(anonymous_8)
FN:142,(anonymous_9)
FN:149,(anonymous_10)
FN:157,(anonymous_11)
FN:161,(anonymous_12)
FN:172,(anonymous_13)
FN:178,(anonymous_14)
FNF:15
FNH:0
FNDA:0,(anonymous_0)
FNDA:0,(anonymous_1)
FNDA:0,(anonymous_2)
FNDA:0,(anonymous_3)
FNDA:0,(anonymous_4)
FNDA:0,(anonymous_5)
FNDA:0,(anonymous_6)
FNDA:0,(anonymous_7)
FNDA:0,(anonymous_8)
FNDA:0,(anonymous_9)
FNDA:0,(anonymous_10)
FNDA:0,(anonymous_11)
FNDA:0,(anonymous_12)
FNDA:0,(anonymous_13)
FNDA:0,(anonymous_14)
DA:1,0
DA:2,0
DA:9,0
DA:11,0
DA:13,0
DA:22,0
DA:26,0
DA:36,0
DA:38,0
DA:39,0
DA:40,0
DA:43,0
DA:44,0
DA:45,0
DA:48,0
DA:49,0
DA:50,0
DA:53,0
DA:55,0
DA:58,0
DA:59,0
DA:60,0
DA:65,0
DA:77,0
DA:78,0
DA:79,0
DA:82,0
DA:86,0
DA:90,0
DA:94,0
DA:98,0
DA:102,0
DA:103,0
DA:105,0
DA:110,0
DA:111,0
DA:112,0
DA:113,0
DA:117,0
DA:118,0
DA:119,0
DA:120,0
DA:123,0
DA:124,0
DA:126,0
DA:131,0
DA:135,0
DA:139,0
DA:143,0
DA:150,0
DA:154,0
DA:158,0
DA:162,0
DA:169,0
DA:172,0
DA:173,0
DA:177,0
DA:178,0
DA:179,0
DA:182,0
DA:183,0
DA:186,0
DA:189,0
DA:192,0
DA:196,0
LF:65
LH:0
BRDA:25,0,0,0
BRDA:25,1,0,0
BRDA:25,2,0,0
BRDA:38,3,0,0
BRDA:38,3,1,0
BRDA:43,4,0,0
BRDA:43,4,1,0
BRDA:48,5,0,0
BRDA:48,5,1,0
BRDA:77,6,0,0
BRDA:77,6,1,0
BRDA:111,7,0,0
BRDA:111,7,1,0
BRDA:117,8,0,0
BRDA:117,8,1,0
BRDA:161,9,0,0
BRDA:172,10,0,0
BRDA:172,10,1,0
BRDA:177,11,0,0
BRDA:177,11,1,0
BRDA:179,12,0,0
BRDA:179,12,1,0
BRDA:182,13,0,0
BRDA:182,13,1,0
BRDA:183,14,0,0
BRDA:183,14,1,0
BRF:26
BRH:0
end_of_record
TN:
SF:src\models\WeeklyWorkItem.js
FN:22,(anonymous_0)
FN:41,(anonymous_1)
FN:58,(anonymous_2)
FN:75,(anonymous_3)
FN:80,(anonymous_4)
FN:106,(anonymous_5)
FN:120,(anonymous_6)
FNF:7
FNH:0
FNDA:0,(anonymous_0)
FNDA:0,(anonymous_1)
FNDA:0,(anonymous_2)
FNDA:0,(anonymous_3)
FNDA:0,(anonymous_4)
FNDA:0,(anonymous_5)
FNDA:0,(anonymous_6)
DA:1,1
DA:23,0
DA:25,0
DA:32,0
DA:42,0
DA:49,0
DA:59,0
DA:65,0
DA:76,0
DA:77,0
DA:78,0
DA:80,0
DA:81,0
DA:82,0
DA:83,0
DA:87,0
DA:89,0
DA:90,0
DA:92,0
DA:97,0
DA:107,0
DA:111,0
DA:121,0
DA:125,0
DA:129,1
LF:25
LH:2
BRDA:23,0,0,0
BRDA:23,1,0,0
BRDA:81,2,0,0
BRDA:81,2,1,0
BRDA:87,3,0,0
BRDA:87,3,1,0
BRF:6
BRH:0
end_of_record
TN:
SF:src\services\SchedulePdfService.js
FN:38,bufferFrom
FN:39,(anonymous_1)
FN:41,(anonymous_2)
FN:42,(anonymous_3)
FN:47,shiftLabel
FN:51,statusLabel
FN:55,fmtDate
FN:62,fmtTime
FN:67,filledRect
FN:72,drawDivider
FN:79,needSpace
FN:86,drawHeader
FN:105,drawMeta
FN:112,(anonymous_13)
FN:125,drawTableRow
FN:134,(anonymous_15)
FN:145,(anonymous_16)
FN:153,(anonymous_17)
FN:169,drawFooter
FN:191,(anonymous_19)
FN:199,(anonymous_20)
FN:202,(anonymous_21)
FN:204,(anonymous_22)
FN:208,(anonymous_23)
FN:287,(anonymous_24)
FN:311,(anonymous_25)
FN:322,(anonymous_26)
FN:364,(anonymous_27)
FN:382,(anonymous_28)
FN:415,(anonymous_29)
FN:420,(anonymous_30)
FN:421,(anonymous_31)
FN:428,(anonymous_32)
FNF:33
FNH:0
FNDA:0,bufferFrom
FNDA:0,(anonymous_1)
FNDA:0,(anonymous_2)
FNDA:0,(anonymous_3)
FNDA:0,shiftLabel
FNDA:0,statusLabel
FNDA:0,fmtDate
FNDA:0,fmtTime
FNDA:0,filledRect
FNDA:0,drawDivider
FNDA:0,needSpace
FNDA:0,drawHeader
FNDA:0,drawMeta
FNDA:0,(anonymous_13)
FNDA:0,drawTableRow
FNDA:0,(anonymous_15)
FNDA:0,(anonymous_16)
FNDA:0,(anonymous_17)
FNDA:0,drawFooter
FNDA:0,(anonymous_19)
FNDA:0,(anonymous_20)
FNDA:0,(anonymous_21)
FNDA:0,(anonymous_22)
FNDA:0,(anonymous_23)
FNDA:0,(anonymous_24)
FNDA:0,(anonymous_25)
FNDA:0,(anonymous_26)
FNDA:0,(anonymous_27)
FNDA:0,(anonymous_28)
FNDA:0,(anonymous_29)
FNDA:0,(anonymous_30)
FNDA:0,(anonymous_31)
FNDA:0,(anonymous_32)
DA:1,0
DA:2,0
DA:3,0
DA:4,0
DA:5,0
DA:6,0
DA:9,0
DA:30,0
DA:31,0
DA:32,0
DA:33,0
DA:34,0
DA:39,0
DA:40,0
DA:41,0
DA:42,0
DA:43,0
DA:48,0
DA:52,0
DA:56,0
DA:57,0
DA:58,0
DA:59,0
DA:63,0
DA:68,0
DA:69,0
DA:73,0
DA:74,0
DA:76,0
DA:80,0
DA:87,0
DA:88,0
DA:90,0
DA:92,0
DA:95,0
DA:98,0
DA:101,0
DA:106,0
DA:107,0
DA:108,0
DA:110,0
DA:112,0
DA:113,0
DA:114,0
DA:116,0
DA:120,0
DA:126,0
DA:127,0
DA:128,0
DA:129,0
DA:130,0
DA:131,0
DA:133,0
DA:134,0
DA:135,0
DA:137,0
DA:139,0
DA:141,0
DA:144,0
DA:145,0
DA:146,0
DA:149,0
DA:152,0
DA:153,0
DA:154,0
DA:155,0
DA:158,0
DA:161,0
DA:164,0
DA:170,0
DA:171,0
DA:172,0
DA:192,0
DA:193,0
DA:199,0
DA:202,0
DA:204,0
DA:208,0
DA:212,0
DA:220,0
DA:227,0
DA:229,0
DA:231,0
DA:238,0
DA:240,0
DA:242,0
DA:243,0
DA:247,0
DA:248,0
DA:251,0
DA:252,0
DA:253,0
DA:259,0
DA:261,0
DA:262,0
DA:264,0
DA:266,0
DA:268,0
DA:269,0
DA:271,0
DA:272,0
DA:275,0
DA:276,0
DA:277,0
DA:279,0
DA:281,0
DA:282,0
DA:283,0
DA:286,0
DA:287,0
DA:289,0
DA:292,0
DA:294,0
DA:296,0
DA:299,0
DA:300,0
DA:301,0
DA:312,0
DA:313,0
DA:318,0
DA:322,0
DA:330,0
DA:337,0
DA:339,0
DA:341,0
DA:347,0
DA:349,0
DA:351,0
DA:352,0
DA:354,0
DA:355,0
DA:356,0
DA:360,0
DA:362,0
DA:364,0
DA:365,0
DA:366,0
DA:372,0
DA:373,0
DA:374,0
DA:383,0
DA:384,0
DA:385,0
DA:386,0
DA:389,0
DA:390,0
DA:391,0
DA:394,0
DA:395,0
DA:396,0
DA:397,0
DA:402,0
DA:403,0
DA:410,0
DA:411,0
DA:412,0
DA:415,0
DA:420,0
DA:421,0
DA:424,0
DA:429,0
DA:430,0
DA:431,0
DA:432,0
DA:434,0
DA:435,0
DA:439,0
LF:167
LH:0
BRDA:48,0,0,0
BRDA:48,0,1,0
BRDA:52,1,0,0
BRDA:52,1,1,0
BRDA:56,2,0,0
BRDA:56,2,1,0
BRDA:57,3,0,0
BRDA:57,3,1,0
BRDA:63,4,0,0
BRDA:63,4,1,0
BRDA:80,5,0,0
BRDA:80,5,1,0
BRDA:117,6,0,0
BRDA:117,6,1,0
BRDA:127,7,0,0
BRDA:127,7,1,0
BRDA:128,8,0,0
BRDA:128,8,1,0
BRDA:129,9,0,0
BRDA:129,9,1,0
BRDA:130,10,0,0
BRDA:130,10,1,0
BRDA:130,11,0,0
BRDA:130,11,1,0
BRDA:135,12,0,0
BRDA:135,12,1,0
BRDA:139,13,0,0
BRDA:139,13,1,0
BRDA:142,14,0,0
BRDA:142,14,1,0
BRDA:147,15,0,0
BRDA:147,15,1,0
BRDA:154,16,0,0
BRDA:154,16,1,0
BRDA:192,17,0,0
BRDA:192,17,1,0
BRDA:192,18,0,0
BRDA:192,18,1,0
BRDA:199,19,0,0
BRDA:199,19,1,0
BRDA:202,20,0,0
BRDA:202,20,1,0
BRDA:204,21,0,0
BRDA:204,21,1,0
BRDA:207,22,0,0
BRDA:207,22,1,0
BRDA:208,23,0,0
BRDA:208,23,1,0
BRDA:233,24,0,0
BRDA:233,24,1,0
BRDA:234,25,0,0
BRDA:234,25,1,0
BRDA:240,26,0,0
BRDA:240,26,1,0
BRDA:242,27,0,0
BRDA:242,27,1,0
BRDA:255,28,0,0
BRDA:255,28,1,0
BRDA:256,29,0,0
BRDA:256,29,1,0
BRDA:261,30,0,0
BRDA:261,30,1,0
BRDA:268,31,0,0
BRDA:268,31,1,0
BRDA:272,32,0,0
BRDA:272,32,1,0
BRDA:281,33,0,0
BRDA:281,33,1,0
BRDA:282,34,0,0
BRDA:282,34,1,0
BRDA:287,35,0,0
BRDA:287,35,1,0
BRDA:312,36,0,0
BRDA:312,36,1,0
BRDA:312,37,0,0
BRDA:312,37,1,0
BRDA:322,38,0,0
BRDA:322,38,1,0
BRDA:343,39,0,0
BRDA:343,39,1,0
BRDA:349,40,0,0
BRDA:349,40,1,0
BRDA:351,41,0,0
BRDA:351,41,1,0
BRDA:367,42,0,0
BRDA:367,42,1,0
BRDA:367,43,0,0
BRDA:367,43,1,0
BRDA:367,44,0,0
BRDA:367,44,1,0
BRDA:384,45,0,0
BRDA:384,45,1,0
BRDA:385,46,0,0
BRDA:385,46,1,0
BRDA:397,47,0,0
BRDA:397,47,1,0
BRDA:399,48,0,0
BRDA:399,48,1,0
BRDA:402,49,0,0
BRDA:402,49,1,0
BRDA:405,50,0,0
BRDA:405,50,1,0
BRDA:406,51,0,0
BRDA:406,51,1,0
BRDA:411,52,0,0
BRDA:411,52,1,0
BRDA:430,53,0,0
BRDA:430,53,1,0
BRDA:431,54,0,0
BRDA:431,54,1,0
BRF:110
BRH:0
end_of_record
TN:
SF:src\services\SchedulePermissionService.js
FN:44,(anonymous_0)
FN:46,(anonymous_1)
FN:63,(anonymous_2)
FN:65,(anonymous_3)
FN:91,(anonymous_4)
FN:128,(anonymous_5)
FN:166,(anonymous_6)
FN:196,(anonymous_7)
FNF:8
FNH:0
FNDA:0,(anonymous_0)
FNDA:0,(anonymous_1)
FNDA:0,(anonymous_2)
FNDA:0,(anonymous_3)
FNDA:0,(anonymous_4)
FNDA:0,(anonymous_5)
FNDA:0,(anonymous_6)
FNDA:0,(anonymous_7)
DA:1,0
DA:45,0
DA:46,0
DA:47,0
DA:48,0
DA:49,0
DA:52,0
DA:64,0
DA:65,0
DA:93,0
DA:94,0
DA:98,0
DA:99,0
DA:103,0
DA:104,0
DA:105,0
DA:129,0
DA:131,0
DA:133,0
DA:139,0
DA:141,0
DA:147,0
DA:168,0
DA:169,0
DA:173,0
DA:198,0
DA:199,0
DA:203,0
DA:210,0
LF:29
LH:0
BRDA:44,0,0,0
BRDA:45,1,0,0
BRDA:45,1,1,0
BRDA:49,2,0,0
BRDA:49,2,1,0
BRDA:52,3,0,0
BRDA:52,3,1,0
BRDA:52,3,2,0
BRDA:64,4,0,0
BRDA:64,4,1,0
BRDA:93,5,0,0
BRDA:93,5,1,0
BRDA:98,6,0,0
BRDA:98,6,1,0
BRDA:105,7,0,0
BRDA:105,7,1,0
BRDA:131,8,0,0
BRDA:131,8,1,0
BRDA:134,9,0,0
BRDA:134,9,1,0
BRDA:139,10,0,0
BRDA:139,10,1,0
BRDA:139,11,0,0
BRDA:139,11,1,0
BRDA:142,12,0,0
BRDA:142,12,1,0
BRDA:168,13,0,0
BRDA:168,13,1,0
BRDA:174,14,0,0
BRDA:174,14,1,0
BRDA:198,15,0,0
BRDA:198,15,1,0
BRDA:204,16,0,0
BRDA:204,16,1,0
BRF:34
BRH:0
end_of_record
TN:
SF:src\services\ScheduleService.js
FN:22,(anonymous_0)
FN:25,(anonymous_1)
FN:52,(anonymous_2)
FN:124,(anonymous_3)
FN:197,(anonymous_4)
FN:242,(anonymous_5)
FN:273,(anonymous_6)
FN:303,(anonymous_7)
FN:334,(anonymous_8)
FN:379,(anonymous_9)
FN:438,(anonymous_10)
FN:480,(anonymous_11)
FNF:12
FNH:12
FNDA:10,(anonymous_0)
FNDA:10,(anonymous_1)
FNDA:10,(anonymous_2)
FNDA:6,(anonymous_3)
FNDA:6,(anonymous_4)
FNDA:2,(anonymous_5)
FNDA:3,(anonymous_6)
FNDA:3,(anonymous_7)
FNDA:4,(anonymous_8)
FNDA:5,(anonymous_9)
FNDA:6,(anonymous_10)
FNDA:5,(anonymous_11)
DA:1,1
DA:2,1
DA:3,1
DA:4,1
DA:5,1
DA:6,1
DA:7,1
DA:23,10
DA:25,10
DA:26,10
DA:27,10
DA:28,10
DA:30,10
DA:53,10
DA:56,10
DA:57,1
DA:59,9
DA:60,1
DA:62,8
DA:63,1
DA:65,7
DA:66,1
DA:70,6
DA:72,6
DA:73,3
DA:77,3
DA:84,3
DA:85,1
DA:89,2
DA:90,2
DA:91,1
DA:95,1
DA:107,1
DA:134,6
DA:137,6
DA:138,0
DA:140,6
DA:141,0
DA:143,6
DA:144,0
DA:146,6
DA:147,0
DA:151,6
DA:152,6
DA:153,1
DA:157,5
DA:158,5
DA:159,1
DA:163,4
DA:164,4
DA:165,1
DA:169,3
DA:170,1
DA:174,2
DA:185,2
DA:198,6
DA:201,6
DA:202,1
DA:204,5
DA:205,1
DA:209,4
DA:210,4
DA:211,1
DA:215,3
DA:216,3
DA:217,1
DA:221,2
DA:222,2
DA:223,1
DA:227,1
DA:234,1
DA:243,2
DA:244,2
DA:245,1
DA:248,1
DA:251,1
DA:252,2
DA:255,1
DA:274,3
DA:276,3
DA:277,0
DA:280,3
DA:281,1
DA:284,2
DA:285,1
DA:288,1
DA:304,3
DA:306,3
DA:307,0
DA:310,3
DA:311,1
DA:314,2
DA:315,1
DA:318,1
DA:335,4
DA:337,4
DA:338,0
DA:341,4
DA:342,2
DA:345,2
DA:346,2
DA:347,1
DA:349,0
DA:350,0
DA:351,0
DA:355,1
DA:380,5
DA:382,5
DA:383,5
DA:384,4
DA:387,4
DA:388,4
DA:391,4
DA:392,4
DA:393,2
DA:397,2
DA:403,2
DA:404,1
DA:407,1
DA:419,1
DA:439,6
DA:441,6
DA:442,6
DA:443,6
DA:445,5
DA:446,5
DA:447,1
DA:450,4
DA:451,4
DA:453,3
DA:454,1
DA:457,2
DA:465,2
DA:481,5
DA:482,5
DA:484,4
DA:485,1
DA:488,3
DA:489,1
DA:492,2
DA:493,1
DA:496,1
DA:500,1
LF:143
LH:133
BRDA:22,0,0,0
BRDA:22,1,0,0
BRDA:28,2,0,10
BRDA:28,2,1,10
BRDA:30,3,0,10
BRDA:30,3,1,8
BRDA:30,3,2,7
BRDA:56,4,0,1
BRDA:56,4,1,9
BRDA:59,5,0,1
BRDA:59,5,1,8
BRDA:62,6,0,1
BRDA:62,6,1,7
BRDA:62,7,0,8
BRDA:62,7,1,8
BRDA:62,7,2,8
BRDA:65,8,0,1
BRDA:65,8,1,6
BRDA:65,9,0,7
BRDA:65,9,1,7
BRDA:65,9,2,6
BRDA:72,10,0,3
BRDA:72,10,1,3
BRDA:84,11,0,1
BRDA:84,11,1,2
BRDA:90,12,0,1
BRDA:90,12,1,1
BRDA:100,13,0,1
BRDA:100,13,1,0
BRDA:132,14,0,1
BRDA:137,15,0,0
BRDA:137,15,1,6
BRDA:140,16,0,0
BRDA:140,16,1,6
BRDA:143,17,0,0
BRDA:143,17,1,6
BRDA:146,18,0,0
BRDA:146,18,1,6
BRDA:152,19,0,1
BRDA:152,19,1,5
BRDA:158,20,0,1
BRDA:158,20,1,4
BRDA:164,21,0,1
BRDA:164,21,1,3
BRDA:169,22,0,1
BRDA:169,22,1,2
BRDA:169,23,0,3
BRDA:169,23,1,3
BRDA:201,24,0,1
BRDA:201,24,1,5
BRDA:204,25,0,1
BRDA:204,25,1,4
BRDA:210,26,0,1
BRDA:210,26,1,3
BRDA:216,27,0,1
BRDA:216,27,1,2
BRDA:222,28,0,1
BRDA:222,28,1,1
BRDA:244,29,0,1
BRDA:244,29,1,1
BRDA:276,30,0,0
BRDA:276,30,1,3
BRDA:280,31,0,1
BRDA:280,31,1,2
BRDA:284,32,0,1
BRDA:284,32,1,1
BRDA:306,33,0,0
BRDA:306,33,1,3
BRDA:310,34,0,1
BRDA:310,34,1,2
BRDA:314,35,0,1
BRDA:314,35,1,1
BRDA:337,36,0,0
BRDA:337,36,1,4
BRDA:341,37,0,2
BRDA:341,37,1,2
BRDA:345,38,0,2
BRDA:345,38,1,0
BRDA:346,39,0,1
BRDA:346,39,1,1
BRDA:349,40,0,0
BRDA:349,40,1,0
BRDA:350,41,0,0
BRDA:350,41,1,0
BRDA:382,42,0,0
BRDA:382,42,1,5
BRDA:383,43,0,1
BRDA:383,43,1,4
BRDA:383,44,0,5
BRDA:383,44,1,5
BRDA:383,44,2,5
BRDA:384,45,0,0
BRDA:384,45,1,4
BRDA:384,46,0,4
BRDA:384,46,1,4
BRDA:384,46,2,4
BRDA:388,47,0,0
BRDA:388,47,1,4
BRDA:392,48,0,2
BRDA:392,48,1,2
BRDA:403,49,0,1
BRDA:403,49,1,1
BRDA:412,50,0,1
BRDA:412,50,1,0
BRDA:441,51,0,0
BRDA:441,51,1,6
BRDA:442,52,0,0
BRDA:442,52,1,6
BRDA:443,53,0,1
BRDA:443,53,1,5
BRDA:446,54,0,1
BRDA:446,54,1,4
BRDA:451,55,0,1
BRDA:451,55,1,3
BRDA:453,56,0,1
BRDA:453,56,1,2
BRDA:461,57,0,2
BRDA:461,57,1,1
BRDA:462,58,0,2
BRDA:462,58,1,1
BRDA:482,59,0,1
BRDA:482,59,1,4
BRDA:484,60,0,1
BRDA:484,60,1,3
BRDA:488,61,0,1
BRDA:488,61,1,2
BRDA:492,62,0,1
BRDA:492,62,1,1
BRF:128
BRH:107
end_of_record
TN:
SF:src\utils\enums.js
FN:124,(anonymous_0)
FN:133,(anonymous_1)
FN:142,(anonymous_2)
FN:151,(anonymous_3)
FN:160,(anonymous_4)
FN:169,(anonymous_5)
FN:178,(anonymous_6)
FNF:7
FNH:0
FNDA:0,(anonymous_0)
FNDA:0,(anonymous_1)
FNDA:0,(anonymous_2)
FNDA:0,(anonymous_3)
FNDA:0,(anonymous_4)
FNDA:0,(anonymous_5)
FNDA:0,(anonymous_6)
DA:11,1
DA:20,1
DA:30,1
DA:40,1
DA:50,1
DA:59,1
DA:69,1
DA:80,1
DA:89,1
DA:99,1
DA:117,1
DA:125,0
DA:134,0
DA:143,0
DA:152,0
DA:161,0
DA:170,0
DA:179,0
DA:183,1
LF:19
LH:12
BRF:0
BRH:0
end_of_record
TN:
SF:src\utils\scheduleHelpers.js
FN:43,(anonymous_0)
FN:48,(anonymous_1)
FN:53,(anonymous_2)
FN:58,(anonymous_3)
FN:65,(anonymous_4)
FN:72,(anonymous_5)
FN:79,(anonymous_6)
FN:86,(anonymous_7)
FN:100,(anonymous_8)
FNF:9
FNH:0
FNDA:0,(anonymous_0)
FNDA:0,(anonymous_1)
FNDA:0,(anonymous_2)
FNDA:0,(anonymous_3)
FNDA:0,(anonymous_4)
FNDA:0,(anonymous_5)
FNDA:0,(anonymous_6)
FNDA:0,(anonymous_7)
FNDA:0,(anonymous_8)
DA:14,0
DA:17,0
DA:18,0
DA:19,0
DA:24,0
DA:43,0
DA:48,0
DA:53,0
DA:58,0
DA:65,0
DA:72,0
DA:79,0
DA:87,0
DA:88,0
DA:89,0
DA:90,0
DA:91,0
DA:101,0
DA:102,0
DA:103,0
DA:104,0
DA:105,0
DA:107,0
DA:108,0
DA:109,0
DA:111,0
LF:26
LH:0
BRDA:88,0,0,0
BRDA:88,0,1,0
BRDA:104,1,0,0
BRDA:104,1,1,0
BRF:4
BRH:0
end_of_record
TN:
SF:src\utils\validators.js
FNF:0
FNH:0
DA:1,0
DA:4,0
DA:13,0
DA:20,0
DA:27,0
DA:33,0
DA:40,0
DA:48,0
DA:54,0
DA:60,0
DA:64,0
LF:11
LH:0
BRF:0
BRH:0
end_of_record
